"2017-11-09 14:50:58 [main] INFO  i.e.EqsAccountManagementApplication - Starting EqsAccountManagementApplication on NEPTUNE with PID 7860 (C:\java-dev\EQSAccountManagement\target\classes started by davmu in C:\java-dev\EQSAccountManagement)
""2017-11-09 14:50:58 [main] DEBUG i.e.EqsAccountManagementApplication - Running with Spring Boot v1.5.3.RELEASE, Spring v4.3.8.RELEASE
""2017-11-09 14:50:58 [main] INFO  i.e.EqsAccountManagementApplication - No active profile set, falling back to default profiles: default
""2017-11-09 14:50:58 [main] INFO  o.s.b.c.e.AnnotationConfigEmbeddedWebApplicationContext - Refreshing org.springframework.boot.context.embedded.AnnotationConfigEmbeddedWebApplicationContext@3b07a0d6: startup date [Thu Nov 09 14:50:58 GMT 2017]; root of context hierarchy
""2017-11-09 14:50:59 [main] INFO  o.s.d.r.c.RepositoryConfigurationDelegate - Multiple Spring Data modules found, entering strict repository configuration mode!
""2017-11-09 14:51:00 [main] INFO  o.s.d.r.c.RepositoryConfigurationDelegate - Multiple Spring Data modules found, entering strict repository configuration mode!
""2017-11-09 14:51:00 [main] INFO  o.s.d.r.c.RepositoryConfigurationExtensionSupport - Spring Data Solr - Could not safely identify store assignment for repository candidate interface ie.eqsports.userAccount.AccountRepository.
""2017-11-09 14:51:00 [main] INFO  o.s.d.r.c.RepositoryConfigurationExtensionSupport - Spring Data Solr - Could not safely identify store assignment for repository candidate interface ie.eqsports.shareholding.ShareholdingRepository.
""2017-11-09 14:51:00 [main] INFO  o.s.d.r.c.RepositoryConfigurationExtensionSupport - Spring Data Solr - Could not safely identify store assignment for repository candidate interface ie.eqsports.shareholding.ShareRepository.
""2017-11-09 14:51:00 [main] INFO  o.s.d.r.c.RepositoryConfigurationExtensionSupport - Spring Data Solr - Could not safely identify store assignment for repository candidate interface ie.eqsports.trade.OfferRepository.
""2017-11-09 14:51:00 [main] INFO  o.s.d.r.c.RepositoryConfigurationExtensionSupport - Spring Data Solr - Could not safely identify store assignment for repository candidate interface ie.eqsports.transaction.TransactionRepository.
""2017-11-09 14:51:00 [main] INFO  o.s.d.r.c.RepositoryConfigurationExtensionSupport - Spring Data Solr - Could not safely identify store assignment for repository candidate interface ie.eqsports.userAccount.CustomerRepository.
""2017-11-09 14:51:00 [main] INFO  o.s.d.r.c.RepositoryConfigurationExtensionSupport - Spring Data Solr - Could not safely identify store assignment for repository candidate interface ie.eqsports.trade.BidRepository.
""2017-11-09 14:51:00 [main] INFO  o.s.d.r.c.RepositoryConfigurationExtensionSupport - Spring Data Solr - Could not safely identify store assignment for repository candidate interface ie.eqsports.transaction.PaymentRepository.
""2017-11-09 14:51:01 [main] INFO  o.s.b.c.e.t.TomcatEmbeddedServletContainer - Tomcat initialized with port(s): 8080 (http)
""2017-11-09 14:51:01 [main] INFO  o.a.catalina.core.StandardService - Starting service Tomcat
""2017-11-09 14:51:01 [main] INFO  o.a.catalina.core.StandardEngine - Starting Servlet Engine: Apache Tomcat/8.5.14
""2017-11-09 14:51:01 [localhost-startStop-1] INFO  o.a.c.c.C.[Tomcat].[localhost].[/] - Initializing Spring embedded WebApplicationContext
""2017-11-09 14:51:01 [localhost-startStop-1] INFO  o.s.b.w.s.FilterRegistrationBean - Mapping filter: 'characterEncodingFilter' to: [/*]
""2017-11-09 14:51:01 [localhost-startStop-1] INFO  o.s.b.w.s.FilterRegistrationBean - Mapping filter: 'hiddenHttpMethodFilter' to: [/*]
""2017-11-09 14:51:01 [localhost-startStop-1] INFO  o.s.b.w.s.FilterRegistrationBean - Mapping filter: 'httpPutFormContentFilter' to: [/*]
""2017-11-09 14:51:01 [localhost-startStop-1] INFO  o.s.b.w.s.FilterRegistrationBean - Mapping filter: 'requestContextFilter' to: [/*]
""2017-11-09 14:51:01 [localhost-startStop-1] INFO  o.s.b.w.s.DelegatingFilterProxyRegistrationBean - Mapping filter: 'springSecurityFilterChain' to: [/*]
""2017-11-09 14:51:01 [localhost-startStop-1] INFO  o.s.b.w.s.ServletRegistrationBean - Mapping servlet: 'dispatcherServlet' to [/]
""2017-11-09 14:51:16 [main] INFO  o.s.o.j.LocalContainerEntityManagerFactoryBean - Building JPA container EntityManagerFactory for persistence unit 'default'
""2017-11-09 14:51:16 [main] INFO  o.h.jpa.internal.util.LogHelper - HHH000204: Processing PersistenceUnitInfo [
	name: default
	...]
""2017-11-09 14:51:16 [main] INFO  org.hibernate.Version - HHH000412: Hibernate Core {5.0.12.Final}
""2017-11-09 14:51:16 [main] INFO  org.hibernate.cfg.Environment - HHH000206: hibernate.properties not found
""2017-11-09 14:51:16 [main] INFO  org.hibernate.cfg.Environment - HHH000021: Bytecode provider name : javassist
""2017-11-09 14:51:16 [main] INFO  o.h.annotations.common.Version - HCANN000001: Hibernate Commons Annotations {5.0.1.Final}
""2017-11-09 14:51:16 [main] INFO  org.hibernate.dialect.Dialect - HHH000400: Using dialect: org.hibernate.dialect.MySQL5Dialect
""2017-11-09 14:51:17 [main] INFO  o.s.o.j.LocalContainerEntityManagerFactoryBean - Initialized JPA EntityManagerFactory for persistence unit 'default'
""2017-11-09 14:51:18 [main] INFO  o.s.s.web.DefaultSecurityFilterChain - Creating filter chain: org.springframework.security.web.util.matcher.AnyRequestMatcher@1, [org.springframework.security.web.context.request.async.WebAsyncManagerIntegrationFilter@74f4a2ba, org.springframework.security.web.context.SecurityContextPersistenceFilter@61a704d3, org.springframework.security.web.header.HeaderWriterFilter@6121a7dd, org.springframework.security.web.authentication.logout.LogoutFilter@38089dae, org.springframework.security.web.authentication.UsernamePasswordAuthenticationFilter@1ac0cdb0, org.springframework.security.web.savedrequest.RequestCacheAwareFilter@566fe83c, org.springframework.security.web.servletapi.SecurityContextHolderAwareRequestFilter@5458c71e, org.springframework.security.web.authentication.AnonymousAuthenticationFilter@5e385b6f, org.springframework.security.web.session.SessionManagementFilter@22b82ddf, org.springframework.security.web.access.ExceptionTranslationFilter@19105a87, org.springframework.security.web.access.intercept.FilterSecurityInterceptor@3c17bd0b]
""2017-11-09 14:51:19 [main] INFO  o.s.j.e.a.AnnotationMBeanExporter - Registering beans for JMX exposure on startup
""2017-11-09 14:51:19 [main] INFO  o.s.s.a.ScheduledAnnotationBeanPostProcessor - No TaskScheduler/ScheduledExecutorService bean found for scheduled processing
""2017-11-09 14:51:19 [pool-2-thread-1] DEBUG ie.eqsports.tasks.OfferTasks - Close Expired Offers Tasks Run at 14:51:19
""2017-11-09 14:51:19 [main] INFO  o.s.b.c.e.t.TomcatEmbeddedServletContainer - Tomcat started on port(s): 8080 (http)
""2017-11-09 14:51:19 [main] INFO  i.e.EqsAccountManagementApplication - Started EqsAccountManagementApplication in 21.593 seconds (JVM running for 22.274)
""2017-11-09 14:52:10 [pool-2-thread-1] DEBUG ie.eqsports.tasks.OfferTasks - Close Expired Offers Tasks Run at 14:52:10
""2017-11-09 14:53:01 [pool-2-thread-1] DEBUG ie.eqsports.tasks.OfferTasks - Close Expired Offers Tasks Run at 14:53:01
""2017-11-09 14:53:52 [pool-2-thread-1] DEBUG ie.eqsports.tasks.OfferTasks - Close Expired Offers Tasks Run at 14:53:52
""2017-11-09 14:54:43 [pool-2-thread-1] DEBUG ie.eqsports.tasks.OfferTasks - Close Expired Offers Tasks Run at 14:54:43
""2017-11-09 14:55:33 [pool-2-thread-1] DEBUG ie.eqsports.tasks.OfferTasks - Close Expired Offers Tasks Run at 14:55:33
""2017-11-09 14:56:24 [pool-2-thread-1] DEBUG ie.eqsports.tasks.OfferTasks - Close Expired Offers Tasks Run at 14:56:24
""2017-11-09 14:56:57 [RMI TCP Connection(2)-192.168.0.34] INFO  o.s.b.a.SpringApplicationAdminMXBeanRegistrar$SpringApplicationAdmin - Application shutdown requested.
""2017-11-09 14:56:57 [RMI TCP Connection(2)-192.168.0.34] INFO  o.s.b.c.e.AnnotationConfigEmbeddedWebApplicationContext - Closing org.springframework.boot.context.embedded.AnnotationConfigEmbeddedWebApplicationContext@3b07a0d6: startup date [Thu Nov 09 14:50:58 GMT 2017]; root of context hierarchy
""2017-11-09 14:56:57 [RMI TCP Connection(2)-192.168.0.34] INFO  o.s.j.e.a.AnnotationMBeanExporter - Unregistering JMX-exposed beans on shutdown
""2017-11-09 14:56:57 [RMI TCP Connection(2)-192.168.0.34] INFO  o.s.o.j.LocalContainerEntityManagerFactoryBean - Closing JPA EntityManagerFactory for persistence unit 'default'
"